<?xml version="1.0" encoding="UTF-8"?>
<!-- Generated by org.testng.reporters.JUnitReportReporter -->
<testsuite skipped="0" hostname="DESKTOP-QHOV3S0" name="testCases.TC002_LoginTest" tests="1" failures="0" timestamp="22 Feb 2025 16:20:44 GMT" time="2.720" errors="0">
  <testcase name="verify_Login" time="2.720" classname="testCases.TC002_LoginTest"/>
</testsuite> <!-- testCases.TC002_LoginTest -->
