<?xml version="1.0" encoding="UTF-8"?>
<!-- Generated by org.testng.reporters.JUnitReportReporter -->
<testsuite skipped="0" hostname="DESKTOP-QHOV3S0" name="testCases.TC001_AccountRegistrationTest" tests="1" failures="0" timestamp="22 Feb 2025 18:08:52 GMT" time="4.936" errors="0">
  <testcase name="verify_account_registeration" time="4.936" classname="testCases.TC001_AccountRegistrationTest"/>
</testsuite> <!-- testCases.TC001_AccountRegistrationTest -->
